<?xml version="1.0" encoding="UTF-8"?>
<!-- Generated by org.testng.reporters.JUnitReportReporter -->
<testsuite hostname="INLEN8520039525" failures="0" tests="6" name="org.example.testNG.Skip" time="0.007" errors="0" timestamp="2024-12-25T22:55:06 IST" skipped="1">
  <testcase classname="org.example.testNG.Skip" name="startCar" time="0.005"/>
  <system-out/>
  <testcase classname="org.example.testNG.Skip" name="firstGear" time="0.001"/>
  <system-out/>
  <testcase classname="org.example.testNG.Skip" name="SecondGear" time="0.000"/>
  <system-out/>
  <testcase classname="org.example.testNG.Skip" name="thirdGear" time="0.000"/>
  <system-out/>
  <testcase classname="org.example.testNG.Skip" name="fourthGear" time="0.001"/>
  <system-out/>
  <testcase classname="org.example.testNG.Skip" name="skipATestcase">
    <skipped/>
  </testcase> <!-- skipATestcase -->
  <system-out/>
</testsuite> <!-- org.example.testNG.Skip -->
