<?xml version="1.0" encoding="UTF-8"?>
<!-- Generated by org.testng.reporters.JUnitReportReporter -->
<testsuite hostname="INLEN8520039525" failures="0" tests="3" name="org.example.testNG.TestSuitWriting" time="39.383" errors="0" timestamp="2024-12-23T22:24:47 IST" skipped="0">
  <testcase classname="org.example.testNG.TestSuitWriting" name="openBing" time="0.384"/>
  <system-out/>
  <testcase classname="org.example.testNG.TestSuitWriting" name="openGoogle" time="1.046"/>
  <system-out/>
  <testcase classname="org.example.testNG.TestSuitWriting" name="openYahoo" time="37.953"/>
  <system-out/>
</testsuite> <!-- org.example.testNG.TestSuitWriting -->
