<?xml version="1.0" encoding="UTF-8"?>
<!-- Generated by org.testng.reporters.JUnitReportReporter -->
<testsuite hostname="INLEN8520039525" failures="0" tests="1" name="org.example.testNG.sampleFirstTestcase" time="0.001" errors="0" timestamp="2024-12-23T22:24:47 IST" skipped="0">
  <testcase classname="org.example.testNG.sampleFirstTestcase" name="firstTestcase" time="0.001"/>
  <system-out/>
</testsuite> <!-- org.example.testNG.sampleFirstTestcase -->
