<?xml version="1.0" encoding="UTF-8"?>
<!-- Generated by org.testng.reporters.JUnitReportReporter -->
<testsuite hostname="INLEN8520039525" failures="0" tests="3" name="org.example.testNG.DependencyHandling" time="0.002" errors="0" timestamp="2024-12-23T22:24:47 IST" skipped="0">
  <testcase classname="org.example.testNG.DependencyHandling" name="highSchool" time="0.000"/>
  <system-out/>
  <testcase classname="org.example.testNG.DependencyHandling" name="higherSecondary" time="0.001"/>
  <system-out/>
  <testcase classname="org.example.testNG.DependencyHandling" name="College" time="0.001"/>
  <system-out/>
</testsuite> <!-- org.example.testNG.DependencyHandling -->
