<?xml version="1.0" encoding="UTF-8"?>
<!-- Generated by org.testng.reporters.JUnitReportReporter -->
<testsuite hostname="INLEN8520039525" failures="0" tests="2" name="org.example.testNG.TestGrouping1" time="0.006" errors="0" timestamp="2024-12-24T22:34:31 IST" skipped="0">
  <testcase classname="org.example.testNG.TestGrouping1" name="moto1" time="0.005"/>
  <system-out/>
  <testcase classname="org.example.testNG.TestGrouping1" name="moto2" time="0.001"/>
  <system-out/>
</testsuite> <!-- org.example.testNG.TestGrouping1 -->
