<?xml version="1.0" encoding="UTF-8"?>
<!-- Generated by org.testng.reporters.JUnitReportReporter -->
<testsuite hostname="INLEN8520039525" failures="0" tests="2" name="org.example.testNG.ParallelTesting" time="12.552" errors="0" timestamp="2024-12-25T20:57:45 IST" skipped="0">
  <testcase classname="org.example.testNG.ParallelTesting" name="OpenBing" time="5.665"/>
  <system-out/>
  <testcase classname="org.example.testNG.ParallelTesting" name="OpenGoogle" time="6.887"/>
  <system-out/>
</testsuite> <!-- org.example.testNG.ParallelTesting -->
