<?xml version="1.0" encoding="UTF-8"?>
<!-- Generated by org.testng.reporters.JUnitReportReporter -->
<testsuite hostname="INLEN8520039525" failures="0" tests="5" name="org.example.testNG.Priority" time="0.002" errors="0" timestamp="2024-12-23T22:24:47 IST" skipped="0">
  <testcase classname="org.example.testNG.Priority" name="startCar" time="0.001"/>
  <system-out/>
  <testcase classname="org.example.testNG.Priority" name="firstGear" time="0.000"/>
  <system-out/>
  <testcase classname="org.example.testNG.Priority" name="SecondGear" time="0.000"/>
  <system-out/>
  <testcase classname="org.example.testNG.Priority" name="thirdGear" time="0.001"/>
  <system-out/>
  <testcase classname="org.example.testNG.Priority" name="fourthGear" time="0.000"/>
  <system-out/>
</testsuite> <!-- org.example.testNG.Priority -->
