<?xml version="1.0" encoding="UTF-8"?>
<!-- Generated by org.testng.reporters.JUnitReportReporter -->
<testsuite hostname="INLEN8520039525" failures="0" tests="6" name="org.example.testNG.GroupingExample" time="0.008" errors="0" timestamp="2024-12-24T23:29:14 IST" skipped="0">
  <testcase classname="org.example.testNG.GroupingExample" name="vivo2" time="0.000"/>
  <system-out/>
  <testcase classname="org.example.testNG.GroupingExample" name="apple2" time="0.000"/>
  <system-out/>
  <testcase classname="org.example.testNG.GroupingExample" name="samsung2" time="0.001"/>
  <system-out/>
  <testcase classname="org.example.testNG.GroupingExample" name="vivo1" time="0.000"/>
  <system-out/>
  <testcase classname="org.example.testNG.GroupingExample" name="apple1" time="0.007"/>
  <system-out/>
  <testcase classname="org.example.testNG.GroupingExample" name="samsung1" time="0.000"/>
  <system-out/>
</testsuite> <!-- org.example.testNG.GroupingExample -->
