<?xml version="1.0" encoding="UTF-8"?>
<!-- Generated by org.testng.reporters.JUnitReportReporter -->
<testsuite hostname="INLEN8520039525" failures="0" tests="1" name="org.example.testNG.ParameterizationExample" time="0.006" errors="0" timestamp="2024-12-24T23:29:37 IST" skipped="0">
  <testcase classname="org.example.testNG.ParameterizationExample" name="firstTestcase" time="0.006"/>
  <system-out/>
</testsuite> <!-- org.example.testNG.ParameterizationExample -->
